<?xml version="1.0" encoding="UTF-8"?>
<testsuite name="TestSuite" time="1.56" tests="12" errors="0" skipped="10" failures="2">
  <properties>
    <property name="java.runtime.name" value="Java(TM) SE Runtime Environment"/>
    <property name="sun.boot.library.path" value="C:\Program Files\Java\jdk1.8.0_162\jre\bin"/>
    <property name="java.vm.version" value="25.162-b12"/>
    <property name="java.vm.vendor" value="Oracle Corporation"/>
    <property name="maven.multiModuleProjectDirectory" value="C:\Users\vimal.verma\Downloads\fabHotel_MVN_1-master"/>
    <property name="java.vendor.url" value="http://java.oracle.com/"/>
    <property name="path.separator" value=";"/>
    <property name="guice.disable.misplaced.annotation.check" value="true"/>
    <property name="java.vm.name" value="Java HotSpot(TM) 64-Bit Server VM"/>
    <property name="file.encoding.pkg" value="sun.io"/>
    <property name="user.script" value=""/>
    <property name="user.country" value="US"/>
    <property name="sun.java.launcher" value="SUN_STANDARD"/>
    <property name="sun.os.patch.level" value="Service Pack 1"/>
    <property name="java.vm.specification.name" value="Java Virtual Machine Specification"/>
    <property name="user.dir" value="C:\Users\vimal.verma\Downloads\fabHotel_MVN_1-master"/>
    <property name="java.runtime.version" value="1.8.0_162-b12"/>
    <property name="java.awt.graphicsenv" value="sun.awt.Win32GraphicsEnvironment"/>
    <property name="java.endorsed.dirs" value="C:\Program Files\Java\jdk1.8.0_162\jre\lib\endorsed"/>
    <property name="os.arch" value="amd64"/>
    <property name="java.io.tmpdir" value="C:\Users\VIMAL~1.VER\AppData\Local\Temp\"/>
    <property name="line.separator" value="&#10;"/>
    <property name="java.vm.specification.vendor" value="Oracle Corporation"/>
    <property name="user.variant" value=""/>
    <property name="os.name" value="Windows 7"/>
    <property name="classworlds.conf" value="C:\Users\vimal.verma\testingWrk\.metadata\.plugins\org.eclipse.m2e.launching\launches\m2conf4435642085157831547.tmp"/>
    <property name="sun.jnu.encoding" value="Cp1252"/>
    <property name="java.library.path" value="C:\Program Files\Java\jdk1.8.0_162\bin;C:\Windows\Sun\Java\bin;C:\Windows\system32;C:\Windows;C:/Program Files/Java/jre1.8.0_162/bin/server;C:/Program Files/Java/jre1.8.0_162/bin;C:/Program Files/Java/jre1.8.0_162/lib/amd64;C:\drivers;C:\maven\bin;C:\ProgramData\Oracle\Java\javapath;C:\Windows\system32;C:\Windows;C:\Windows\System32\Wbem;C:\Windows\System32\WindowsPowerShell\v1.0\;C:\Program Files\TortoiseSVN\bin;C:\Program Files (x86)\Skype\Phone\;c:\wspan\swgw;C:\Users\vimal.verma\AppData\Local\Chromium\Application;C:\drivers;C:\maven\bin;C:\ProgramData\Oracle\Java\javapath;C:\Windows\system32;C:\Windows;C:\Windows\System32\Wbem;C:\Windows\System32\WindowsPowerShell\v1.0\;C:\Program Files\TortoiseSVN\bin;C:\Program Files (x86)\Skype\Phone\;c:\wspan\swgw;C:\Program Files\McAfee\DLP\Agent\;C:\Users\vimal.verma\AppData\Local\Programs\Git\cmd;C:\Users\vimal.verma\AppData\Local\Programs\Git\mingw64\bin;C:\Users\vimal.verma\AppData\Local\Programs\Git\usr\bin;C:\Users\vimal.verma\Desktop\New folder\eclipse;;."/>
    <property name="java.specification.name" value="Java Platform API Specification"/>
    <property name="java.class.version" value="52.0"/>
    <property name="sun.management.compiler" value="HotSpot 64-Bit Tiered Compilers"/>
    <property name="os.version" value="6.1"/>
    <property name="user.home" value="C:\Users\vimal.verma"/>
    <property name="user.timezone" value="Asia/Calcutta"/>
    <property name="java.awt.printerjob" value="sun.awt.windows.WPrinterJob"/>
    <property name="java.specification.version" value="1.8"/>
    <property name="file.encoding" value="Cp1252"/>
    <property name="user.name" value="Vimal.Verma"/>
    <property name="java.class.path" value="C:\Users\vimal.verma\Desktop\New folder\eclipse\plugins\org.eclipse.m2e.maven.runtime_1.8.3.20180227-2135\jars\plexus-classworlds-2.5.2.jar"/>
    <property name="java.vm.specification.version" value="1.8"/>
    <property name="sun.arch.data.model" value="64"/>
    <property name="java.home" value="C:\Program Files\Java\jdk1.8.0_162\jre"/>
    <property name="sun.java.command" value="org.codehaus.plexus.classworlds.launcher.Launcher -B test"/>
    <property name="java.specification.vendor" value="Oracle Corporation"/>
    <property name="user.language" value="en"/>
    <property name="awt.toolkit" value="sun.awt.windows.WToolkit"/>
    <property name="java.vm.info" value="mixed mode"/>
    <property name="java.version" value="1.8.0_162"/>
    <property name="java.ext.dirs" value="C:\Program Files\Java\jdk1.8.0_162\jre\lib\ext;C:\Windows\Sun\Java\lib\ext"/>
    <property name="sun.boot.class.path" value="C:\Program Files\Java\jdk1.8.0_162\jre\lib\resources.jar;C:\Program Files\Java\jdk1.8.0_162\jre\lib\rt.jar;C:\Program Files\Java\jdk1.8.0_162\jre\lib\sunrsasign.jar;C:\Program Files\Java\jdk1.8.0_162\jre\lib\jsse.jar;C:\Program Files\Java\jdk1.8.0_162\jre\lib\jce.jar;C:\Program Files\Java\jdk1.8.0_162\jre\lib\charsets.jar;C:\Program Files\Java\jdk1.8.0_162\jre\lib\jfr.jar;C:\Program Files\Java\jdk1.8.0_162\jre\classes"/>
    <property name="java.vendor" value="Oracle Corporation"/>
    <property name="maven.home" value="C:\Users\vimal.verma\Downloads\fabHotel_MVN_1-master\EMBEDDED"/>
    <property name="file.separator" value="\"/>
    <property name="java.vendor.url.bug" value="http://bugreport.sun.com/bugreport/"/>
    <property name="sun.cpu.endian" value="little"/>
    <property name="sun.io.unicode.encoding" value="UnicodeLittle"/>
    <property name="sun.desktop" value="windows"/>
    <property name="sun.cpu.isalist" value="amd64"/>
  </properties>
  <testcase name="BrowserSetup" classname="sprint_1.FabHotel_Search" time="0.779">
    <failure message="org/openqa/selenium/remote/DesiredCapabilities" type="java.lang.NoClassDefFoundError">java.lang.NoClassDefFoundError: org/openqa/selenium/remote/DesiredCapabilities
	at java.net.URLClassLoader.findClass(URLClassLoader.java:381)
	at java.lang.ClassLoader.loadClass(ClassLoader.java:424)
	at sun.misc.Launcher$AppClassLoader.loadClass(Launcher.java:338)
	at java.lang.ClassLoader.loadClass(ClassLoader.java:357)
	at sprint_1.FabHotel_Search.BrowserSetup(FabHotel_Search.java:220)
</failure>
  </testcase>
  <testcase name="BrowserSetup" classname="sprint_1.FabHotel_Search" time="0.781">
    <failure message="org/openqa/selenium/remote/DesiredCapabilities" type="java.lang.NoClassDefFoundError">java.lang.NoClassDefFoundError: org/openqa/selenium/remote/DesiredCapabilities
	at sprint_1.FabHotel_Search.BrowserSetup(FabHotel_Search.java:220)
</failure>
  </testcase>
  <testcase name="searchHotel" classname="sprint_1.FabHotel_Search" time="0">
    <skipped/>
  </testcase>
  <testcase name="searchHotel" classname="sprint_1.FabHotel_Search" time="0">
    <skipped/>
  </testcase>
  <testcase name="hotelList" classname="sprint_1.FabHotel_Search" time="0">
    <skipped/>
  </testcase>
  <testcase name="finalHotel_Book" classname="sprint_1.FabHotel_Search" time="0">
    <skipped/>
  </testcase>
  <testcase name="review_Details" classname="sprint_1.FabHotel_Search" time="0">
    <skipped/>
  </testcase>
  <testcase name="afterTest" classname="sprint_1.FabHotel_Search" time="0">
    <skipped/>
  </testcase>
  <testcase name="hotelList" classname="sprint_1.FabHotel_Search" time="0">
    <skipped/>
  </testcase>
  <testcase name="finalHotel_Book" classname="sprint_1.FabHotel_Search" time="0">
    <skipped/>
  </testcase>
  <testcase name="review_Details" classname="sprint_1.FabHotel_Search" time="0">
    <skipped/>
  </testcase>
  <testcase name="afterTest" classname="sprint_1.FabHotel_Search" time="0">
    <skipped/>
  </testcase>
</testsuite>